<?xml version="1.0" encoding="UTF-8"?>
<testsuite name="me.duomi.wz.repository.jpa.JpaMappingTest" time="1.233" tests="1" errors="1" skipped="0" failures="0">
  <properties>
    <property name="java.runtime.name" value="Java(TM) SE Runtime Environment"/>
    <property name="sun.boot.library.path" value="D:\Java\jdk1.7.0_51\jre\bin"/>
    <property name="java.vm.version" value="24.51-b03"/>
    <property name="java.vm.vendor" value="Oracle Corporation"/>
    <property name="java.vendor.url" value="http://java.oracle.com/"/>
    <property name="path.separator" value=";"/>
    <property name="guice.disable.misplaced.annotation.check" value="true"/>
    <property name="java.vm.name" value="Java HotSpot(TM) 64-Bit Server VM"/>
    <property name="file.encoding.pkg" value="sun.io"/>
    <property name="user.script" value=""/>
    <property name="user.country" value="CN"/>
    <property name="sun.java.launcher" value="SUN_STANDARD"/>
    <property name="sun.os.patch.level" value=""/>
    <property name="java.vm.specification.name" value="Java Virtual Machine Specification"/>
    <property name="user.dir" value="E:\Projects\DuoMi\source\00_WZ\trunk\weizhan_M-S"/>
    <property name="java.runtime.version" value="1.7.0_51-b13"/>
    <property name="java.awt.graphicsenv" value="sun.awt.Win32GraphicsEnvironment"/>
    <property name="java.endorsed.dirs" value="D:\Java\jdk1.7.0_51\jre\lib\endorsed"/>
    <property name="os.arch" value="amd64"/>
    <property name="java.io.tmpdir" value="C:\Users\德仁\AppData\Local\Temp\"/>
    <property name="line.separator" value="&#10;"/>
    <property name="java.vm.specification.vendor" value="Oracle Corporation"/>
    <property name="user.variant" value=""/>
    <property name="os.name" value="Windows 8"/>
    <property name="classworlds.conf" value="E:\WorkSpaces\Eclipse-Jee-Luna-DuoMi\.metadata\.plugins\org.eclipse.m2e.launching\launches\m2conf6014934313326538277.tmp"/>
    <property name="sun.jnu.encoding" value="GBK"/>
    <property name="java.library.path" value="D:\Java\jdk1.7.0_51\bin;C:\windows\Sun\Java\bin;C:\windows\system32;C:\windows;D:/Java/jdk1.7.0_51/bin/../jre/bin/server;D:/Java/jdk1.7.0_51/bin/../jre/bin;D:/Java/jdk1.7.0_51/bin/../jre/lib/amd64;C:\Program Files (x86)\Intel\iCLS Client\;C:\Program Files\Intel\iCLS Client\;C:\windows\system32;C:\windows;C:\windows\System32\Wbem;C:\windows\System32\WindowsPowerShell\v1.0\;C:\Program Files\Intel\Intel(R) Management Engine Components\DAL;C:\Program Files\Intel\Intel(R) Management Engine Components\IPT;C:\Program Files (x86)\Intel\Intel(R) Management Engine Components\DAL;C:\Program Files (x86)\Intel\Intel(R) Management Engine Components\IPT;C:\Program Files (x86)\Intel\OpenCL SDK\3.0\bin\x86;C:\Program Files (x86)\Intel\OpenCL SDK\3.0\bin\x64;C:\Program Files\Lenovo\Fingerprint Manager Pro\;C:\Program Files\Condusiv Technologies\ExpressCache\;C:\ProgramData\Lenovo\ReadyApps;D:\Program Files\TortoiseSVN\bin;D:\Java\jdk1.7.0_51\bin;D:\apache-maven-3.2.2\bin;E:\Tools\Used\eclipse-jee-luna-R-win32-x86_64;;."/>
    <property name="java.specification.name" value="Java Platform API Specification"/>
    <property name="java.class.version" value="51.0"/>
    <property name="sun.management.compiler" value="HotSpot 64-Bit Tiered Compilers"/>
    <property name="os.version" value="6.2"/>
    <property name="user.home" value="F:\MyDocument"/>
    <property name="user.timezone" value="Asia/Shanghai"/>
    <property name="java.awt.printerjob" value="sun.awt.windows.WPrinterJob"/>
    <property name="java.specification.version" value="1.7"/>
    <property name="file.encoding" value="GBK"/>
    <property name="user.name" value="德仁"/>
    <property name="java.class.path" value="/E:/Tools/Used/eclipse-jee-luna-R-win32-x86_64/plugins/org.eclipse.m2e.maven.runtime_1.5.0.20140605-2032/jars/plexus-classworlds-2.5.1.jar"/>
    <property name="org.slf4j.simpleLogger.defaultLogLevel" value="info"/>
    <property name="java.vm.specification.version" value="1.7"/>
    <property name="sun.arch.data.model" value="64"/>
    <property name="java.home" value="D:\Java\jdk1.7.0_51\jre"/>
    <property name="sun.java.command" value="org.codehaus.plexus.classworlds.launcher.Launcher -B -s D:\apache-maven-3.2.2\conf\settings.xml install"/>
    <property name="java.specification.vendor" value="Oracle Corporation"/>
    <property name="user.language" value="zh"/>
    <property name="awt.toolkit" value="sun.awt.windows.WToolkit"/>
    <property name="java.vm.info" value="mixed mode"/>
    <property name="java.version" value="1.7.0_51"/>
    <property name="java.ext.dirs" value="D:\Java\jdk1.7.0_51\jre\lib\ext;C:\windows\Sun\Java\lib\ext"/>
    <property name="sun.boot.class.path" value="D:\Java\jdk1.7.0_51\jre\lib\resources.jar;D:\Java\jdk1.7.0_51\jre\lib\rt.jar;D:\Java\jdk1.7.0_51\jre\lib\sunrsasign.jar;D:\Java\jdk1.7.0_51\jre\lib\jsse.jar;D:\Java\jdk1.7.0_51\jre\lib\jce.jar;D:\Java\jdk1.7.0_51\jre\lib\charsets.jar;D:\Java\jdk1.7.0_51\jre\lib\jfr.jar;D:\Java\jdk1.7.0_51\jre\classes"/>
    <property name="java.vendor" value="Oracle Corporation"/>
    <property name="maven.home" value="E:\Projects\DuoMi\source\00_WZ\trunk\weizhan_M-S\EMBEDDED"/>
    <property name="file.separator" value="\"/>
    <property name="java.vendor.url.bug" value="http://bugreport.sun.com/bugreport/"/>
    <property name="sun.cpu.endian" value="little"/>
    <property name="sun.io.unicode.encoding" value="UnicodeLittle"/>
    <property name="sun.desktop" value="windows"/>
    <property name="sun.cpu.isalist" value="amd64"/>
  </properties>
  <testcase name="allClassMapping" classname="me.duomi.wz.repository.jpa.JpaMappingTest" time="1.233">
    <error message="org.hibernate.exception.SQLGrammarException: could not extract ResultSet" type="javax.persistence.PersistenceException">javax.persistence.PersistenceException: org.hibernate.exception.SQLGrammarException: could not extract ResultSet
	at sun.reflect.GeneratedConstructorAccessor29.newInstance(Unknown Source)
	at sun.reflect.DelegatingConstructorAccessorImpl.newInstance(DelegatingConstructorAccessorImpl.java:45)
	at java.lang.reflect.Constructor.newInstance(Constructor.java:526)
	at com.mysql.jdbc.Util.handleNewInstance(Util.java:411)
	at com.mysql.jdbc.Util.getInstance(Util.java:386)
	at com.mysql.jdbc.SQLError.createSQLException(SQLError.java:1053)
	at com.mysql.jdbc.MysqlIO.checkErrorPacket(MysqlIO.java:4096)
	at com.mysql.jdbc.MysqlIO.checkErrorPacket(MysqlIO.java:4028)
	at com.mysql.jdbc.MysqlIO.sendCommand(MysqlIO.java:2490)
	at com.mysql.jdbc.MysqlIO.sqlQueryDirect(MysqlIO.java:2651)
	at com.mysql.jdbc.ConnectionImpl.execSQL(ConnectionImpl.java:2734)
	at com.mysql.jdbc.PreparedStatement.executeInternal(PreparedStatement.java:2155)
	at com.mysql.jdbc.PreparedStatement.executeQuery(PreparedStatement.java:2322)
	at org.hibernate.engine.jdbc.internal.ResultSetReturnImpl.extract(ResultSetReturnImpl.java:80)
	at org.hibernate.loader.plan.exec.internal.AbstractLoadPlanBasedLoader.getResultSet(AbstractLoadPlanBasedLoader.java:449)
	at org.hibernate.loader.plan.exec.internal.AbstractLoadPlanBasedLoader.executeQueryStatement(AbstractLoadPlanBasedLoader.java:202)
	at org.hibernate.loader.plan.exec.internal.AbstractLoadPlanBasedLoader.executeLoad(AbstractLoadPlanBasedLoader.java:137)
	at org.hibernate.loader.plan.exec.internal.AbstractLoadPlanBasedLoader.executeLoad(AbstractLoadPlanBasedLoader.java:102)
	at org.hibernate.loader.entity.plan.AbstractLoadPlanBasedEntityLoader.load(AbstractLoadPlanBasedEntityLoader.java:186)
	at org.hibernate.persister.entity.AbstractEntityPersister.load(AbstractEntityPersister.java:4120)
	at org.hibernate.event.internal.DefaultLoadEventListener.loadFromDatasource(DefaultLoadEventListener.java:502)
	at org.hibernate.event.internal.DefaultLoadEventListener.doLoad(DefaultLoadEventListener.java:467)
	at org.hibernate.event.internal.DefaultLoadEventListener.load(DefaultLoadEventListener.java:212)
	at org.hibernate.event.internal.DefaultLoadEventListener.proxyOrLoad(DefaultLoadEventListener.java:274)
	at org.hibernate.event.internal.DefaultLoadEventListener.onLoad(DefaultLoadEventListener.java:150)
	at org.hibernate.internal.SessionImpl.fireLoad(SessionImpl.java:1066)
	at org.hibernate.internal.SessionImpl.internalLoad(SessionImpl.java:985)
	at org.hibernate.type.EntityType.resolveIdentifier(EntityType.java:673)
	at org.hibernate.type.EntityType.resolve(EntityType.java:489)
	at org.hibernate.engine.internal.TwoPhaseLoad.doInitializeEntity(TwoPhaseLoad.java:170)
	at org.hibernate.engine.internal.TwoPhaseLoad.initializeEntity(TwoPhaseLoad.java:144)
	at org.hibernate.loader.Loader.initializeEntitiesAndCollections(Loader.java:1114)
	at org.hibernate.loader.Loader.processResultSet(Loader.java:972)
	at org.hibernate.loader.Loader.doQuery(Loader.java:920)
	at org.hibernate.loader.Loader.doQueryAndInitializeNonLazyCollections(Loader.java:354)
	at org.hibernate.loader.Loader.doList(Loader.java:2551)
	at org.hibernate.loader.Loader.doList(Loader.java:2537)
	at org.hibernate.loader.Loader.listIgnoreQueryCache(Loader.java:2367)
	at org.hibernate.loader.Loader.list(Loader.java:2362)
	at org.hibernate.loader.hql.QueryLoader.list(QueryLoader.java:496)
	at org.hibernate.hql.internal.ast.QueryTranslatorImpl.list(QueryTranslatorImpl.java:387)
	at org.hibernate.engine.query.spi.HQLQueryPlan.performList(HQLQueryPlan.java:229)
	at org.hibernate.internal.SessionImpl.list(SessionImpl.java:1260)
	at org.hibernate.internal.QueryImpl.list(QueryImpl.java:103)
	at org.hibernate.jpa.internal.QueryImpl.list(QueryImpl.java:573)
	at org.hibernate.jpa.internal.QueryImpl.getResultList(QueryImpl.java:449)
	at me.duomi.wz.repository.jpa.JpaMappingTest.allClassMapping(JpaMappingTest.java:42)
</error>
    <system-out><![CDATA[20:54:52.170 [main] WARN  o.s.aop.framework.CglibAopProxy - Unable to proxy method [public final void org.springframework.test.context.junit4.AbstractJUnit4SpringContextTests.setApplicationContext(org.springframework.context.ApplicationContext)] because it is final: All calls to this method via a proxy will be routed directly to the proxy.
20:54:52.222 [main] WARN  o.h.e.jdbc.spi.SqlExceptionHelper - SQL Error: 1146, SQLState: 42S02
20:54:52.222 [main] ERROR o.h.e.jdbc.spi.SqlExceptionHelper - Table 'weizhan.ss_team' doesn't exist
]]></system-out>
  </testcase>
</testsuite>